<?xml version="1.0" encoding="UTF-8"?>
<!-- Generated by org.testng.reporters.JUnitXMLReporter -->
<testsuite hostname="DESKTOP-TH6DJP5" ignored="4" name="SmokeTest" tests="4" failures="0" timestamp="2022-01-28T16:03:20 IST" time="0.051" errors="0">
  <testcase name="Register" time="0.007" classname="testNg_Package.SampleTest4_Include_exclude"/>
  <testcase name="LoginTest" time="0.001" classname="testNg_Package.SampleTest4_Include_exclude"/>
  <testcase name="addCart" time="0.001" classname="testNg_Package.SampleTest6_Groups"/>
  <testcase name="addWishlist" time="0.0" classname="testNg_Package.SampleTest6_Groups"/>
  <testcase name="searchTest" time="0.0" classname="testNg_Package.SampleTest4_Include_exclude">
    <ignored/>
  </testcase> <!-- searchTest -->
  <testcase name="removeWishlist" time="0.0" classname="testNg_Package.SampleTest6_Groups">
    <ignored/>
  </testcase> <!-- removeWishlist -->
  <testcase name="advancedSearch" time="0.0" classname="testNg_Package.SampleTest6_Groups">
    <ignored/>
  </testcase> <!-- advancedSearch -->
  <testcase name="searchProduct" time="0.0" classname="testNg_Package.SampleTest4_Include_exclude">
    <ignored/>
  </testcase> <!-- searchProduct -->
</testsuite> <!-- SmokeTest -->
