<?xml version="1.0" encoding="UTF-8"?>
<!-- Generated by org.testng.reporters.JUnitXMLReporter -->
<testsuite hostname="DESKTOP-TH6DJP5" ignored="2" name="Test" tests="9" failures="0" timestamp="2022-01-28T16:05:39 IST" time="121.65" errors="0">
  <testcase name="Demo" time="12.271" classname="test_cases.Test1_Register_Tc"/>
  <testcase name="Tc01" time="23.025" classname="test_cases.Test2_Login_Tc"/>
  <testcase name="Tc01" time="5.931" classname="test_cases.Test3_Search_Tc"/>
  <testcase name="Tc01" time="9.427" classname="test_cases.Test4_SearchProduct_Tc"/>
  <testcase name="addCardInclude" time="17.991" classname="test_cases.Test5_addCart_Tc"/>
  <testcase name="removeCard" time="11.696" classname="test_cases.Test6_RemoveCart_Tc"/>
  <testcase name="addCard" time="16.794" classname="test_cases.Test7_AddWhishlist_Tc"/>
  <testcase name="addCardexclude" time="16.287" classname="test_cases.Test7_AddWhishlist_Tc"/>
  <testcase name="removeWhislist" time="8.165" classname="test_cases.Test8_RemoveWhishlist_Tc"/>
  <testcase name="addCard" time="0.0" classname="test_cases.Test5_addCart_Tc">
    <ignored/>
  </testcase> <!-- addCard -->
  <testcase name="addCardExclude" time="0.0" classname="test_cases.Test5_addCart_Tc">
    <ignored/>
  </testcase> <!-- addCardExclude -->
</testsuite> <!-- Test -->
